
Sign in success at 2023-09-27 11:10:43. User jdoe@durhamcollege.ca sign in. 

Sign out success at 2023-09-27 11:10:43. User jdoe@durhamcollege.ca sign out. 

Failed login attempt at 2023-09-27 11:10:49 by: jdoe@durhamcollege.ca

Sign in success at 2023-09-27 11:15:03. User jdoe@durhamcollege.ca sign in. 

Sign out success at 2023-09-27 11:15:03. User jdoe@durhamcollege.ca sign out. 

Failed login attempt at 2023-09-27 11:17:39 by: jdoe@durhamcollege.ca

Sign in success at 2023-09-27 11:17:41. User jdoe@durhamcollege.ca sign in. 

Sign out success at 2023-09-27 11:17:41. User jdoe@durhamcollege.ca sign out. 

Failed login attempt at 2023-09-27 11:17:47 by: jdoe1@durhamcollege.ca

Sign in success at 2023-09-27 11:22:51. User testemail@durhamcollege.ca sign in. 

Sign out success at 2023-09-27 11:22:51. User testemail@durhamcollege.ca sign out. 

Failed login attempt at 2023-09-27 11:25:15 by: anothertestemail@durhamcollege.ca

Failed login attempt at 2023-09-27 11:25:28 by: anothertestemail@durhamcollege.ca

Failed login attempt at 2023-09-27 11:25:30 by: anothertestemail@durhamcollege.ca

Failed login attempt at 2023-09-27 11:30:05 by: anothertestemail@durhamcollege.ca

Failed login attempt at 2023-09-27 11:30:43 by: anothertestemail@durhamcollege.ca

Failed login attempt at 2023-09-27 11:30:49 by: jdoe@durhamcollege.ca

Sign in success at 2023-09-27 11:32:31. User jdoe@durhamcollege.ca sign in. 

Sign out success at 2023-09-27 11:32:31. User jdoe@durhamcollege.ca sign out. 

Failed login attempt at 2023-09-27 13:46:47 by: jdoe@durhamcollege.ca

Sign in success at 2023-09-27 13:46:57. User jdoe@durhamcollege.ca sign in. 

Sign out success at 2023-09-27 13:46:57. User jdoe@durhamcollege.ca sign out. 

Sign in success at 2023-09-27 14:23:11. User jdoe@durhamcollege.ca sign in. 

Sign out success at 2023-09-27 14:23:11. User jdoe@durhamcollege.ca sign out. 

Failed login attempt at 2023-09-27 14:23:27 by: jdoe@durhamcollege.ca

Failed login attempt at 2023-09-27 14:23:39 by: jdoe@durhamcollege.ca

Sign in success at 2023-09-27 14:23:41. User jdoe@durhamcollege.ca sign in. 

Sign out success at 2023-09-27 14:23:41. User jdoe@durhamcollege.ca sign out. 

Sign out success at 2023-09-27 14:23:43. User jdoe@durhamcollege.ca sign out. 
