
2023-11-06 08:11:47. Successful sign in. User: jdoe@durhamcollege.ca.

2023-11-06 08:17:54. Successful sign out. User: jdoe@durhamcollege.ca. 

2023-11-06 08:19:54. Successful sign in. User: jdoe@durhamcollege.ca.

2023-11-06 08:42:46. Successful sign out. User: jdoe@durhamcollege.ca. 

2023-11-06 08:42:50. Successful sign in. User: jdoe@durhamcollege.ca.

2023-11-06 08:43:09. Successful sign out. User: jdoe@durhamcollege.ca. 

2023-11-06 08:43:15. Successful sign in. User: testemail@durhamcollege.ca.

2023-11-06 08:43:39. Successful sign out. User: testemail@durhamcollege.ca. 

2023-11-06 08:50:21. Successful sign in. User: jdoe@durhamcollege.ca.

2023-11-06 08:50:46. Successful sign out. User: jdoe@durhamcollege.ca. 

2023-11-06 08:50:51. Failed login attempt. User: sdfsdf@gmail.com.

2023-11-06 08:50:55. Successful sign in. User: testemail@durhamcollege.ca.

2023-11-06 08:51:56. Successful sign out. User: testemail@durhamcollege.ca. 

2023-11-06 09:00:09. Successful sign in. User: jdoe@durhamcollege.ca.

2023-11-06 09:02:20. Successful sign out. User: jdoe@durhamcollege.ca. 

2023-11-06 09:02:28. Successful sign in. User: testemail@durhamcollege.ca.

2023-11-06 09:18:04. Successful sign out. User: testemail@durhamcollege.ca. 

2023-11-06 09:18:07. Successful sign in. User: testemail@durhamcollege.ca.

2023-11-06 09:18:41. Successful sign out. User: testemail@durhamcollege.ca. 

2023-11-06 09:18:45. Successful sign in. User: testemail@durhamcollege.ca.

2023-11-06 09:23:26. Successful sign out. User: testemail@durhamcollege.ca. 

2023-11-06 09:23:30. Successful sign in. User: jdoe@durhamcollege.ca.

2023-11-06 09:23:34. Successful sign out. User: jdoe@durhamcollege.ca. 

2023-11-06 09:25:28. Successful sign in. User: testemail@durhamcollege.ca.

2023-11-06 09:35:22. Successful sign out. User: testemail@durhamcollege.ca. 

2023-11-06 09:35:28. Successful sign in. User: jdoe@durhamcollege.ca.

2023-11-06 09:36:12. Successful sign out. User: jdoe@durhamcollege.ca. 

2023-11-06 09:48:25. Successful sign in. User: testemail@durhamcollege.ca.

2023-11-06 09:54:07. Successful sign out. User: testemail@durhamcollege.ca. 

2023-11-06 09:54:13. Successful sign in. User: testemail@durhamcollege.ca.

2023-11-06 10:24:13. Successful sign in. User: jdoe@durhamcollege.ca.

2023-11-06 16:59:07. Successful sign out. User: jdoe@durhamcollege.ca. 

2023-11-06 16:59:10. Successful sign in. User: jdoe@durhamcollege.ca.
