
2023-12-02 13:24:29. Successful sign in. User: jdoe@durhamcollege.ca.

2023-12-02 14:23:44. Successful sign out. User: jdoe@durhamcollege.ca. 

2023-12-02 14:23:49. Successful sign in. User: testemail@durhamcollege.ca.

2023-12-02 14:29:00. Successful sign out. User: testemail@durhamcollege.ca. 

2023-12-02 14:29:03. Successful sign in. User: testemail@durhamcollege.ca.

2023-12-02 14:33:11. Successful sign out. User: testemail@durhamcollege.ca. 

2023-12-02 14:33:13. Successful sign in. User: testemail@durhamcollege.ca.

2023-12-02 14:34:54. Successful sign out. User: testemail@durhamcollege.ca. 

2023-12-02 14:34:57. Successful sign in. User: testemail@durhamcollege.ca.

2023-12-02 14:35:22. Successful sign out. User: testemail@durhamcollege.ca. 

2023-12-02 14:35:25. Successful sign in. User: testemail@durhamcollege.ca.

2023-12-02 14:37:04. Successful sign out. User: testemail@durhamcollege.ca. 

2023-12-02 14:37:07. Successful sign in. User: testemail@durhamcollege.ca.

2023-12-02 14:38:10. Successful sign out. User: testemail@durhamcollege.ca. 

2023-12-02 14:38:13. Successful sign in. User: testemail@durhamcollege.ca.

2023-12-02 14:40:30. Successful sign out. User: testemail@durhamcollege.ca. 

2023-12-02 14:40:40. Successful sign in. User: testemail@durhamcollege.ca.

2023-12-02 14:41:14. Successful sign in. User: testemail@durhamcollege.ca.

2023-12-02 14:41:31. Successful sign out. User: testemail@durhamcollege.ca. 

2023-12-02 14:41:36. Successful sign in. User: testemail@durhamcollege.ca.

2023-12-02 14:42:29. Successful sign out. User: testemail@durhamcollege.ca. 

2023-12-02 14:42:33. Successful sign in. User: testemail@durhamcollege.ca.

2023-12-02 14:42:40. Successful sign out. User: testemail@durhamcollege.ca. 

2023-12-02 14:43:06. Successful sign in. User: testemail@durhamcollege.ca.

2023-12-02 14:44:30. Successful sign out. User: testemail@durhamcollege.ca. 

2023-12-02 14:44:34. Successful sign in. User: testemail@durhamcollege.ca.

2023-12-02 14:45:10. Successful sign out. User: testemail@durhamcollege.ca. 

2023-12-02 14:45:13. Successful sign in. User: testemail@durhamcollege.ca.

2023-12-02 14:46:00. Successful sign out. User: testemail@durhamcollege.ca. 

2023-12-02 14:46:03. Successful sign in. User: jdoe@durhamcollege.ca.

2023-12-02 14:46:06. Successful sign out. User: jdoe@durhamcollege.ca. 

2023-12-02 14:46:10. Successful sign in. User: testemail@durhamcollege.ca.

2023-12-02 14:46:57. Successful sign out. User: testemail@durhamcollege.ca. 

2023-12-02 14:47:00. Successful sign in. User: testemail@durhamcollege.ca.

2023-12-02 14:49:20. Successful sign out. User: testemail@durhamcollege.ca. 

2023-12-02 14:50:59. Successful sign out. User: . 

2023-12-02 14:52:36. Successful sign in. User: jdoe@durhamcollege.ca.

2023-12-02 14:52:54. Successful sign out. User: jdoe@durhamcollege.ca. 

2023-12-02 14:52:57. Successful sign in. User: jdoe@durhamcollege.ca.

2023-12-02 14:54:40. Successful sign out. User: jdoe@durhamcollege.ca. 

2023-12-02 14:54:43. Successful sign in. User: testemail@durhamcollege.ca.

2023-12-02 14:54:51. Successful sign out. User: testemail@durhamcollege.ca. 
