
2023-12-04 09:09:11. Sent reset account info to: jdoe@durhamcollege.ca. 

To: nobody@example.com
From: brody.dentinger@dcmail.com
Cc: 
Bcc: brodydentinger@gmail.com
Reply-To: brody.dentinger@dcmail.com
Subject: Customer Relations - Account Reset
We have received a request to reset the account information associated with your Customer Relations account.
For security reasons, we want to verify that this request was initiated by you. If you did not initiate this request or believe it is in error,
please disregard this email. No changes will be made to your account.

If you did request an account information reset, please use the following link to complete the process:
[Insert Link to Account Reset Page]

Please note that this link will expire in 24 hours for security purposes. If you are unable to complete the reset within this timeframe, you can initiate the process again.

As always, it is important to use a strong and unique password for your account. If you have any concerns or questions,
please do not hesitate to contact our support team.

Thank you for your attention to this matter, and we appreciate your continued trust in Customer Relations.

Best regards,

Brody Dentinger
CEO
Customer Relations
Brody.Dentinger@dcmail.ca. 

2023-12-04 09:13:44. Successful sign in. User: jdoe@durhamcollege.ca.

2023-12-04 09:14:16. Successful sign out. User: jdoe@durhamcollege.ca. 

2023-12-04 11:05:50. Sent reset account info to: jdoe@durhamcollege.ca. 

To: nobody@example.com
From: brody.dentinger@dcmail.com
Cc: 
Bcc: brodydentinger@gmail.com
Reply-To: brody.dentinger@dcmail.com
Subject: Customer Relations - Account Reset
We have received a request to reset the account information associated with your Customer Relations account.
For security reasons, we want to verify that this request was initiated by you. If you did not initiate this request or believe it is in error,
please disregard this email. No changes will be made to your account.

If you did request an account information reset, please use the following link to complete the process:
[Insert Link to Account Reset Page]

Please note that this link will expire in 24 hours for security purposes. If you are unable to complete the reset within this timeframe, you can initiate the process again.

As always, it is important to use a strong and unique password for your account. If you have any concerns or questions,
please do not hesitate to contact our support team.

Thank you for your attention to this matter, and we appreciate your continued trust in Customer Relations.

Best regards,

Brody Dentinger
CEO
Customer Relations
Brody.Dentinger@dcmail.ca. 
