
2023-11-12 08:41:35. Successful sign out. User: jdoe@durhamcollege.ca. 

2023-11-12 08:41:38. Successful sign in. User: jdoe@durhamcollege.ca.

2023-11-12 08:45:02. Successful sign out. User: jdoe@durhamcollege.ca. 

2023-11-12 08:45:05. Successful sign in. User: jdoe@durhamcollege.ca.

2023-11-12 09:19:35. Successful sign out. User: jdoe@durhamcollege.ca. 

2023-11-12 09:19:39. Failed login attempt. User: testemail@durhamcollege.ca.

2023-11-12 09:19:43. Failed login attempt. User: testemail@durhamcollege.ca.

2023-11-12 09:22:42. Successful sign in. User: testemail@durhamcollege.ca.

2023-11-12 09:30:43. Successful sign out. User: testemail@durhamcollege.ca. 

2023-11-12 09:30:46. Successful sign in. User: jdoe@durhamcollege.ca.

2023-11-12 09:46:29. Successful sign out. User: jdoe@durhamcollege.ca. 

2023-11-12 09:46:32. Successful sign in. User: testemail@durhamcollege.ca.

2023-11-12 09:47:09. Successful sign out. User: testemail@durhamcollege.ca. 

2023-11-12 09:47:13. Successful sign in. User: jdoe@durhamcollege.ca.

2023-11-12 09:51:19. Successful sign out. User: jdoe@durhamcollege.ca. 

2023-11-12 09:51:22. Successful sign in. User: jdoe@durhamcollege.ca.

2023-11-12 09:51:52. Successful sign out. User: jdoe@durhamcollege.ca. 

2023-11-12 09:51:55. Successful sign in. User: testemail@durhamcollege.ca.

2023-11-12 10:06:17. Successful sign out. User: testemail@durhamcollege.ca. 

2023-11-12 10:06:20. Failed login attempt. User: jdoe@durhamcollege.ca.

2023-11-12 10:06:23. Failed login attempt. User: jdoe@durhamcollege.ca.

2023-11-12 10:06:51. Successful sign in. User: jdoe@durhamcollege.ca.
